<?xml version="1.0" encoding="UTF-8"?>
<testng-results ignored="1" total="2" passed="1" failed="0" skipped="0">
  <reporter-output>
  </reporter-output>
  <suite started-at="2022-06-13T20:54:56 BRT" name="Surefire suite" finished-at="2022-06-13T20:54:59 BRT" duration-ms="3299">
    <groups>
    </groups>
    <test started-at="2022-06-13T20:54:56 BRT" name="Surefire test" finished-at="2022-06-13T20:54:59 BRT" duration-ms="3299">
      <class name="org.tests.SelenideElement">
        <test-method signature="testSelenideElement()[pri:0, instance:org.tests.SelenideElement@6b419da]" started-at="2022-06-13T20:54:56 BRT" name="testSelenideElement" finished-at="2022-06-13T20:54:59 BRT" duration-ms="3272" status="PASS">
          <reporter-output>
          </reporter-output>
        </test-method> <!-- testSelenideElement -->
      </class> <!-- org.tests.SelenideElement -->
    </test> <!-- Surefire test -->
  </suite> <!-- Surefire suite -->
</testng-results>
