<?xml version="1.0" encoding="UTF-8"?>
<!-- Generated by org.testng.reporters.JUnitXMLReporter -->
<testsuite ignored="1" hostname="LAPTOP-QT2R2HF0" failures="0" tests="1" name="Surefire test" time="3.299" errors="0" timestamp="2022-06-13T20:54:59 BRT">
  <testcase classname="org.tests.SelenideElement" name="testSelenideElement" time="3.272"/>
  <testcase classname="org.tests.SelenideElement" name="testSelenideElementFail" time="0.0">
    <ignored/>
  </testcase> <!-- testSelenideElementFail -->
</testsuite> <!-- Surefire test -->
